#
# There is insufficient memory for the Java Runtime Environment to continue.
# Native memory allocation (malloc) failed to allocate 1048576 bytes. Error detail: AllocateHeap
# Possible reasons:
#   The system is out of physical RAM or swap space
#   This process is running with CompressedOops enabled, and the Java Heap may be blocking the growth of the native heap
# Possible solutions:
#   Reduce memory load on the system
#   Increase physical memory or swap space
#   Check if swap backing store is full
#   Decrease Java heap size (-Xmx/-Xms)
#   Decrease number of Java threads
#   Decrease Java thread stack sizes (-Xss)
#   Set larger code cache with -XX:ReservedCodeCacheSize=
#   JVM is running with Unscaled Compressed Oops mode in which the Java heap is
#     placed in the first 4GB address space. The Java Heap base address is the
#     maximum limit for the native heap growth. Please use -XX:HeapBaseMinAddress
#     to set the Java Heap base and to place the Java Heap above 4GB virtual address.
# This output file may be truncated or incomplete.
#
#  Out of Memory Error (allocation.cpp:44), pid=2540, tid=16536
#
# JRE version:  (21.0.7+6) (build )
# Java VM: OpenJDK 64-Bit Server VM (21.0.7+6-LTS, mixed mode, sharing, tiered, compressed oops, compressed class ptrs, parallel gc, windows-amd64)
# No core dump will be written. Minidumps are not enabled by default on client versions of Windows
#

---------------  S U M M A R Y ------------

Command Line: --add-modules=ALL-SYSTEM --add-opens=java.base/java.util=ALL-UNNAMED --add-opens=java.base/java.lang=ALL-UNNAMED --add-opens=java.base/sun.nio.fs=ALL-UNNAMED -Declipse.application=org.eclipse.jdt.ls.core.id1 -Dosgi.bundles.defaultStartLevel=4 -Declipse.product=org.eclipse.jdt.ls.core.product -Djava.import.generatesMetadataFilesAtProjectRoot=false -DDetectVMInstallationsJob.disabled=true -Dfile.encoding=utf8 -XX:+UseParallelGC -XX:GCTimeRatio=4 -XX:AdaptiveSizePolicyWeight=90 -Dsun.zip.disableMemoryMapping=true -Xmx1G -Xms100m -Xlog:disable -javaagent:c:\Users\Laboratorio\.vscode\extensions\redhat.java-1.42.0-win32-x64\lombok\lombok-1.18.36.jar -XX:+HeapDumpOnOutOfMemoryError -XX:HeapDumpPath=c:\Users\Laboratorio\AppData\Roaming\Code\User\workspaceStorage\67756e99298422233a47b6963affb23b\redhat.java -Daether.dependencyCollector.impl=bf c:\Users\Laboratorio\.vscode\extensions\redhat.java-1.42.0-win32-x64\server\plugins\org.eclipse.equinox.launcher_1.7.0.v20250424-1814.jar -configuration c:\Users\Laboratorio\AppData\Roaming\Code\User\globalStorage\redhat.java\1.42.0\config_win -data c:\Users\Laboratorio\AppData\Roaming\Code\User\workspaceStorage\67756e99298422233a47b6963affb23b\redhat.java\jdt_ws --pipe=\\.\pipe\lsp-4bd78235cc5689e2e507b9306a18a21b-sock

Host: AMD Ryzen 7 PRO 4750G with Radeon Graphics, 16 cores, 3G,  Windows 10 , 64 bit Build 19041 (10.0.19041.5198)
Time: Tue May 20 12:50:14 2025 Hora est. Sudamérica Pacífico elapsed time: 0.103750 seconds (0d 0h 0m 0s)

---------------  T H R E A D  ---------------

Current thread (0x000001bbea038f40):  JavaThread "Unknown thread" [_thread_in_vm, id=16536, stack(0x000000b3b6000000,0x000000b3b6100000) (1024K)]

Stack: [0x000000b3b6000000,0x000000b3b6100000]
Native frames: (J=compiled Java code, j=interpreted, Vv=VM code, C=native code)
V  [jvm.dll+0x6ce119]
V  [jvm.dll+0x8a84a1]
V  [jvm.dll+0x8aa9ce]
V  [jvm.dll+0x8ab0b3]
V  [jvm.dll+0x27f8a6]
V  [jvm.dll+0xbfba7]
V  [jvm.dll+0x702092]
V  [jvm.dll+0x702dcc]
V  [jvm.dll+0x6dcc63]
V  [jvm.dll+0x871dbc]
V  [jvm.dll+0x3bc47c]
V  [jvm.dll+0x85a848]
V  [jvm.dll+0x45080e]
V  [jvm.dll+0x452451]
C  [jli.dll+0x5278]
C  [ucrtbase.dll+0x21bb2]
C  [KERNEL32.DLL+0x17374]
C  [ntdll.dll+0x4cc91]


---------------  P R O C E S S  ---------------

Threads class SMR info:
_java_thread_list=0x000001bbea0a54e0, length=1, elements={
0x000001bbea038f40
}

Java Threads: ( => current thread )
=>0x000001bbea038f40 JavaThread "Unknown thread"             [_thread_in_vm, id=16536, stack(0x000000b3b6000000,0x000000b3b6100000) (1024K)]
Total: 1

Other Threads:
  0x000001bbea0a43d0 WatcherThread "VM Periodic Task Thread"        [id=17328, stack(0x000000b3b6200000,0x000000b3b6300000) (1024K)]
  0x000001bbea056730 WorkerThread "GC Thread#0"                     [id=17044, stack(0x000000b3b6100000,0x000000b3b6200000) (1024K)]
Total: 2

Threads with active compile tasks:
Total: 0

VM state: not at safepoint (normal execution)

VM Mutex/Monitor currently owned by a thread: None

Heap address: 0x00000000c0000000, size: 1024 MB, Compressed Oops mode: 32-bit

CDS archive(s) mapped at: [0x000001bb80000000-0x000001bb80ba0000-0x000001bb80ba0000), size 12189696, SharedBaseAddress: 0x000001bb80000000, ArchiveRelocationMode: 1.
Compressed class space mapped at: 0x000001bb81000000-0x000001bbc1000000, reserved size: 1073741824
Narrow klass base: 0x000001bb80000000, Narrow klass shift: 0, Narrow klass range: 0x100000000

GC Precious Log:
 CardTable entry size: 512
 CPUs: 16 total, 16 available
 Memory: 3453M
 Large Page Support: Disabled
 NUMA Support: Disabled
 Compressed Oops: Enabled (32-bit)
 Alignments: Space 512K, Generation 512K, Heap 2M
 Heap Min Capacity: 100M
 Heap Initial Capacity: 100M
 Heap Max Capacity: 1G
 Pre-touch: Disabled
 Parallel Workers: 13

Heap:
 PSYoungGen      total 29696K, used 512K [0x00000000eab00000, 0x00000000ecc00000, 0x0000000100000000)
  eden space 25600K, 2% used [0x00000000eab00000,0x00000000eab80020,0x00000000ec400000)
  from space 4096K, 0% used [0x00000000ec800000,0x00000000ec800000,0x00000000ecc00000)
  to   space 4096K, 0% used [0x00000000ec400000,0x00000000ec400000,0x00000000ec800000)
 ParOldGen       total 68608K, used 0K [0x00000000c0000000, 0x00000000c4300000, 0x00000000eab00000)
  object space 68608K, 0% used [0x00000000c0000000,0x00000000c0000000,0x00000000c4300000)
 Metaspace       used 0K, committed 0K, reserved 1048576K
  class space    used 0K, committed 0K, reserved 1048576K

Card table byte_map: [0x000001bbe99e0000,0x000001bbe9bf0000] _byte_map_base: 0x000001bbe93e0000

Marking Bits: (ParMarkBitMap*) 0x00007ffbe69331f0
 Begin Bits: [0x000001bbfc230000, 0x000001bbfd230000)
 End Bits:   [0x000001bbfd230000, 0x000001bbfe230000)

Polling page: 0x000001bbe7c60000

Metaspace:

Usage:
  Non-class:      0 bytes used.
      Class:      0 bytes used.
       Both:      0 bytes used.

Virtual space:
  Non-class space:        0 bytes reserved,       0 bytes (  ?%) committed,  0 nodes.
      Class space:        1.00 GB reserved,       0 bytes (  0%) committed,  1 nodes.
             Both:        1.00 GB reserved,       0 bytes (  0%) committed. 

Chunk freelists:
   Non-Class:  0 bytes
       Class:  16.00 MB
        Both:  16.00 MB

MaxMetaspaceSize: unlimited
CompressedClassSpaceSize: 1.00 GB
Initial GC threshold: 21.00 MB
Current GC threshold: 17179869184.00 GB
CDS: on
 - commit_granule_bytes: 65536.
 - commit_granule_words: 8192.
 - virtual_space_node_default_size: 8388608.
 - enlarge_chunks_in_place: 1.
 - use_allocation_guard: 0.


Internal statistics:

num_allocs_failed_limit: 0.
num_arena_births: 0.
num_arena_deaths: 0.
num_vsnodes_births: 1.
num_vsnodes_deaths: 0.
num_space_committed: 0.
num_space_uncommitted: 0.
num_chunks_returned_to_freelist: 0.
num_chunks_taken_from_freelist: 1.
num_chunk_merges: 0.
num_chunk_splits: 1.
num_chunks_enlarged: 0.
num_inconsistent_stats: 0.

CodeHeap 'non-profiled nmethods': size=119168Kb used=0Kb max_used=0Kb free=119168Kb
 bounds [0x000001bbf4dd0000, 0x000001bbf5040000, 0x000001bbfc230000]
CodeHeap 'profiled nmethods': size=119104Kb used=0Kb max_used=0Kb free=119104Kb
 bounds [0x000001bbed230000, 0x000001bbed4a0000, 0x000001bbf4680000]
CodeHeap 'non-nmethods': size=7488Kb used=194Kb max_used=342Kb free=7293Kb
 bounds [0x000001bbf4680000, 0x000001bbf48f0000, 0x000001bbf4dd0000]
 total_blobs=70 nmethods=0 adapters=48
 compilation: enabled
              stopped_count=0, restarted_count=0
 full_count=0

Compilation events (0 events):
No events

GC Heap History (0 events):
No events

Dll operation events (1 events):
Event: 0.035 Loaded shared library c:\Users\Laboratorio\.vscode\extensions\redhat.java-1.42.0-win32-x64\jre\21.0.7-win32-x86_64\bin\java.dll

Deoptimization events (0 events):
No events

Classes loaded (0 events):
No events

Classes unloaded (0 events):
No events

Classes redefined (0 events):
No events

Internal exceptions (0 events):
No events

ZGC Phase Switch (0 events):
No events

VM Operations (0 events):
No events

Memory protections (0 events):
No events

Nmethod flushes (0 events):
No events

Events (1 events):
Event: 0.083 Thread 0x000001bbea038f40 Thread added: 0x000001bbea038f40


Dynamic libraries:
0x00007ff730570000 - 0x00007ff73057e000 	c:\Users\Laboratorio\.vscode\extensions\redhat.java-1.42.0-win32-x64\jre\21.0.7-win32-x86_64\bin\java.exe
0x00007ffc56fd0000 - 0x00007ffc571c8000 	C:\Windows\SYSTEM32\ntdll.dll
0x00007ffc568b0000 - 0x00007ffc56972000 	C:\Windows\System32\KERNEL32.DLL
0x00007ffc547c0000 - 0x00007ffc54abf000 	C:\Windows\System32\KERNELBASE.dll
0x00007ffc53e40000 - 0x00007ffc53fd6000 	C:\Windows\system32\hmpalert.dll
0x00007ffc54ee0000 - 0x00007ffc54fe0000 	C:\Windows\System32\ucrtbase.dll
0x00007ffc45e00000 - 0x00007ffc45e1e000 	c:\Users\Laboratorio\.vscode\extensions\redhat.java-1.42.0-win32-x64\jre\21.0.7-win32-x86_64\bin\VCRUNTIME140.dll
0x00007ffc45de0000 - 0x00007ffc45df8000 	c:\Users\Laboratorio\.vscode\extensions\redhat.java-1.42.0-win32-x64\jre\21.0.7-win32-x86_64\bin\jli.dll
0x00007ffc565a0000 - 0x00007ffc5673d000 	C:\Windows\System32\USER32.dll
0x00007ffc54eb0000 - 0x00007ffc54ed2000 	C:\Windows\System32\win32u.dll
0x00007ffc55f50000 - 0x00007ffc55f7b000 	C:\Windows\System32\GDI32.dll
0x00007ffc54d90000 - 0x00007ffc54ea7000 	C:\Windows\System32\gdi32full.dll
0x00007ffc54c00000 - 0x00007ffc54c9d000 	C:\Windows\System32\msvcp_win.dll
0x00007ffc53b40000 - 0x00007ffc53dda000 	C:\Windows\WinSxS\amd64_microsoft.windows.common-controls_6595b64144ccf1df_6.0.19041.4355_none_60b8b9eb71f62e16\COMCTL32.dll
0x00007ffc56740000 - 0x00007ffc567de000 	C:\Windows\System32\msvcrt.dll
0x00007ffc55ec0000 - 0x00007ffc55eef000 	C:\Windows\System32\IMM32.DLL
0x00007ffc4c4b0000 - 0x00007ffc4c4bc000 	c:\Users\Laboratorio\.vscode\extensions\redhat.java-1.42.0-win32-x64\jre\21.0.7-win32-x86_64\bin\vcruntime140_1.dll
0x00007ffc31b90000 - 0x00007ffc31c1d000 	c:\Users\Laboratorio\.vscode\extensions\redhat.java-1.42.0-win32-x64\jre\21.0.7-win32-x86_64\bin\msvcp140.dll
0x00007ffbe5c80000 - 0x00007ffbe6a10000 	c:\Users\Laboratorio\.vscode\extensions\redhat.java-1.42.0-win32-x64\jre\21.0.7-win32-x86_64\bin\server\jvm.dll
0x00007ffc54fe0000 - 0x00007ffc55091000 	C:\Windows\System32\ADVAPI32.dll
0x00007ffc55b80000 - 0x00007ffc55c1f000 	C:\Windows\System32\sechost.dll
0x00007ffc55c40000 - 0x00007ffc55d63000 	C:\Windows\System32\RPCRT4.dll
0x00007ffc54d60000 - 0x00007ffc54d87000 	C:\Windows\System32\bcrypt.dll
0x00007ffc55f80000 - 0x00007ffc55feb000 	C:\Windows\System32\WS2_32.dll
0x00007ffc54250000 - 0x00007ffc5429b000 	C:\Windows\SYSTEM32\POWRPROF.dll
0x00007ffc40c90000 - 0x00007ffc40cb7000 	C:\Windows\SYSTEM32\WINMM.dll
0x00007ffc52100000 - 0x00007ffc5210a000 	C:\Windows\SYSTEM32\VERSION.dll
0x00007ffc53de0000 - 0x00007ffc53df2000 	C:\Windows\SYSTEM32\UMPDC.dll
0x00007ffc51310000 - 0x00007ffc51322000 	C:\Windows\SYSTEM32\kernel.appcore.dll
0x00007ffc4b500000 - 0x00007ffc4b50a000 	c:\Users\Laboratorio\.vscode\extensions\redhat.java-1.42.0-win32-x64\jre\21.0.7-win32-x86_64\bin\jimage.dll
0x00007ffc54060000 - 0x00007ffc54244000 	C:\Windows\SYSTEM32\DBGHELP.DLL
0x00007ffc53e00000 - 0x00007ffc53e34000 	C:\Windows\SYSTEM32\dbgcore.DLL
0x00007ffc54b70000 - 0x00007ffc54bf2000 	C:\Windows\System32\bcryptPrimitives.dll
0x00007ffc4b030000 - 0x00007ffc4b03f000 	c:\Users\Laboratorio\.vscode\extensions\redhat.java-1.42.0-win32-x64\jre\21.0.7-win32-x86_64\bin\instrument.dll
0x00007ffc37330000 - 0x00007ffc3734f000 	c:\Users\Laboratorio\.vscode\extensions\redhat.java-1.42.0-win32-x64\jre\21.0.7-win32-x86_64\bin\java.dll

dbghelp: loaded successfully - version: 4.0.5 - missing functions: none
symbol engine: initialized successfully - sym options: 0x614 - pdb path: .;c:\Users\Laboratorio\.vscode\extensions\redhat.java-1.42.0-win32-x64\jre\21.0.7-win32-x86_64\bin;C:\Windows\SYSTEM32;C:\Windows\WinSxS\amd64_microsoft.windows.common-controls_6595b64144ccf1df_6.0.19041.4355_none_60b8b9eb71f62e16;c:\Users\Laboratorio\.vscode\extensions\redhat.java-1.42.0-win32-x64\jre\21.0.7-win32-x86_64\bin\server

VM Arguments:
jvm_args: --add-modules=ALL-SYSTEM --add-opens=java.base/java.util=ALL-UNNAMED --add-opens=java.base/java.lang=ALL-UNNAMED --add-opens=java.base/sun.nio.fs=ALL-UNNAMED -Declipse.application=org.eclipse.jdt.ls.core.id1 -Dosgi.bundles.defaultStartLevel=4 -Declipse.product=org.eclipse.jdt.ls.core.product -Djava.import.generatesMetadataFilesAtProjectRoot=false -DDetectVMInstallationsJob.disabled=true -Dfile.encoding=utf8 -XX:+UseParallelGC -XX:GCTimeRatio=4 -XX:AdaptiveSizePolicyWeight=90 -Dsun.zip.disableMemoryMapping=true -Xmx1G -Xms100m -Xlog:disable -javaagent:c:\Users\Laboratorio\.vscode\extensions\redhat.java-1.42.0-win32-x64\lombok\lombok-1.18.36.jar -XX:+HeapDumpOnOutOfMemoryError -XX:HeapDumpPath=c:\Users\Laboratorio\AppData\Roaming\Code\User\workspaceStorage\67756e99298422233a47b6963affb23b\redhat.java -Daether.dependencyCollector.impl=bf 
java_command: c:\Users\Laboratorio\.vscode\extensions\redhat.java-1.42.0-win32-x64\server\plugins\org.eclipse.equinox.launcher_1.7.0.v20250424-1814.jar -configuration c:\Users\Laboratorio\AppData\Roaming\Code\User\globalStorage\redhat.java\1.42.0\config_win -data c:\Users\Laboratorio\AppData\Roaming\Code\User\workspaceStorage\67756e99298422233a47b6963affb23b\redhat.java\jdt_ws --pipe=\\.\pipe\lsp-4bd78235cc5689e2e507b9306a18a21b-sock
java_class_path (initial): c:\Users\Laboratorio\.vscode\extensions\redhat.java-1.42.0-win32-x64\server\plugins\org.eclipse.equinox.launcher_1.7.0.v20250424-1814.jar
Launcher Type: SUN_STANDARD

[Global flags]
    uintx AdaptiveSizePolicyWeight                 = 90                                        {product} {command line}
     intx CICompilerCount                          = 12                                        {product} {ergonomic}
    uintx GCTimeRatio                              = 4                                         {product} {command line}
     bool HeapDumpOnOutOfMemoryError               = true                                   {manageable} {command line}
    ccstr HeapDumpPath                             = c:\Users\Laboratorio\AppData\Roaming\Code\User\workspaceStorage\67756e99298422233a47b6963affb23b\redhat.java         {manageable} {command line}
   size_t InitialHeapSize                          = 104857600                                 {product} {command line}
   size_t MaxHeapSize                              = 1073741824                                {product} {command line}
   size_t MaxNewSize                               = 357564416                                 {product} {ergonomic}
   size_t MinHeapDeltaBytes                        = 524288                                    {product} {ergonomic}
   size_t MinHeapSize                              = 104857600                                 {product} {command line}
   size_t NewSize                                  = 34603008                                  {product} {ergonomic}
    uintx NonNMethodCodeHeapSize                   = 7602480                                {pd product} {ergonomic}
    uintx NonProfiledCodeHeapSize                  = 122027880                              {pd product} {ergonomic}
   size_t OldSize                                  = 70254592                                  {product} {ergonomic}
    uintx ProfiledCodeHeapSize                     = 122027880                              {pd product} {ergonomic}
    uintx ReservedCodeCacheSize                    = 251658240                              {pd product} {ergonomic}
     bool SegmentedCodeCache                       = true                                      {product} {ergonomic}
   size_t SoftMaxHeapSize                          = 1073741824                             {manageable} {ergonomic}
     bool UseCompressedOops                        = true                           {product lp64_product} {ergonomic}
     bool UseLargePagesIndividualAllocation        = false                                  {pd product} {ergonomic}
     bool UseParallelGC                            = true                                      {product} {command line}

Logging:
Log output configuration:
 #0: stdout all=off uptime,level,tags foldmultilines=false
 #1: stderr all=off uptime,level,tags foldmultilines=false

Environment Variables:
PATH=C:\Program Files\Google\Chrome\Application;C:\Program Files (x86)\VMware\VMware Player\bin\;C:\Python313\Scripts\;C:\Python313\;C:\Program Files\Common Files\Oracle\Java\javapath;C:\Program Files (x86)\Common Files\Oracle\Java\java8path;C:\Program Files (x86)\Common Files\Oracle\Java\javapath;C:\app\Laboratorio\product\21c\dbhomeXE\bin;C:\Windows\system32;C:\Windows;C:\Windows\System32\Wbem;C:\Windows\System32\WindowsPowerShell\v1.0\;C:\Windows\System32\OpenSSH\;C:\Program Files\Microsoft SQL Server\150\Tools\Binn\;C:\Program Files\Microsoft SQL Server\Client SDK\ODBC\170\Tools\Binn\;C:\Program Files\dotnet\;C:\Program Files (x86)\Microsoft SQL Server\150\DTS\Binn\;C:\ProgramData\chocolatey\bin;C:\Users\Laboratorio\AppData\Roaming\nvm;C:\Program Files\nodejs;C:\Gradle\gradle-8.12\bin;;C:\Program Files (x86)\Microsoft SQL Server\140\Tools\Binn\;C:\Program Files\Microsoft SQL Server\140\Tools\Binn\;C:\Program Files (x86)\Microsoft SQL Server\140\DTS\Binn\;C:\Program Files\Microsoft SQL Server\140\DTS\Binn\;C:\Program Files\Microsoft SQL Server\Client SDK\ODBC\130\Tools\Binn\;C:\Program Files\Docker\Docker\resources\bin;C:\Program Files\MySQL\MySQL Shell 8.0\bin\;C:\Users\Laboratorio\AppData\Local\Programs\Python\Python312\Scripts\;C:\Users\Laboratorio\AppData\Local\Programs\Python\Python312\;C:\Users\Laboratorio\AppData\Local\Microsoft\WindowsApps;C:\Users\Laboratorio\AppData\Local\Programs\Microsoft VS Code\bin;C:\Users\Laboratorio\.dotnet\tools;C:\Users\Laboratorio\AppData\Local\GitHubDesktop\bin;C:\Users\Laboratorio\AppData\Roaming\npm;C:\Users\Laboratorio\AppData\Roaming\nvm;C:\Program Files\nodejs
USERNAME=Laboratorio
OS=Windows_NT
PROCESSOR_IDENTIFIER=AMD64 Family 23 Model 96 Stepping 1, AuthenticAMD
TMP=C:\Users\LABORA~1\AppData\Local\Temp
TEMP=C:\Users\LABORA~1\AppData\Local\Temp




Periodic native trim disabled

---------------  S Y S T E M  ---------------

OS:
 Windows 10 , 64 bit Build 19041 (10.0.19041.5198)
OS uptime: 0 days 0:14 hours
Hyper-V role detected

CPU: total 16 (initial active 16) (16 cores per cpu, 2 threads per core) family 23 model 96 stepping 1 microcode 0x0, cx8, cmov, fxsr, ht, mmx, 3dnowpref, sse, sse2, sse3, ssse3, sse4a, sse4.1, sse4.2, popcnt, lzcnt, tsc, tscinvbit, avx, avx2, aes, clmul, bmi1, bmi2, adx, sha, fma, vzeroupper, clflush, clflushopt, hv, rdtscp, rdpid, f16c
Processor Information for the first 16 processors :
  Max Mhz: 3600, Current Mhz: 3600, Mhz Limit: 3600

Memory: 4k page, system-wide physical 3453M (36M free)
TotalPageFile size 14205M (AvailPageFile size 0M)
current process WorkingSet (physical memory assigned to process): 24M, peak: 24M
current process commit charge ("private bytes"): 181M, peak: 182M

vm_info: OpenJDK 64-Bit Server VM (21.0.7+6-LTS) for windows-amd64 JRE (21.0.7+6-LTS), built on 2025-04-15T00:00:00Z by "admin" with MS VC++ 17.7 (VS2022)

END.
