#
# There is insufficient memory for the Java Runtime Environment to continue.
# Native memory allocation (malloc) failed to allocate 1048576 bytes for AllocateHeap
# Possible reasons:
#   The system is out of physical RAM or swap space
#   The process is running with CompressedOops enabled, and the Java Heap may be blocking the growth of the native heap
# Possible solutions:
#   Reduce memory load on the system
#   Increase physical memory or swap space
#   Check if swap backing store is full
#   Decrease Java heap size (-Xmx/-Xms)
#   Decrease number of Java threads
#   Decrease Java thread stack sizes (-Xss)
#   Set larger code cache with -XX:ReservedCodeCacheSize=
#   JVM is running with Unscaled Compressed Oops mode in which the Java heap is
#     placed in the first 4GB address space. The Java Heap base address is the
#     maximum limit for the native heap growth. Please use -XX:HeapBaseMinAddress
#     to set the Java Heap base and to place the Java Heap above 4GB virtual address.
# This output file may be truncated or incomplete.
#
#  Out of Memory Error (memory/allocation.inline.hpp:61), pid=17952, tid=0x000000000000464c
#
# JRE version:  (8.0_291-b10) (build )
# Java VM: Java HotSpot(TM) 64-Bit Server VM (25.291-b10 mixed mode windows-amd64 compressed oops)
# Failed to write core dump. Minidumps are not enabled by default on client versions of Windows
#

---------------  T H R E A D  ---------------

Current thread (0x0000021db74f6800):  JavaThread "Unknown thread" [_thread_in_vm, id=17996, stack(0x0000007e22200000,0x0000007e22300000)]

Stack: [0x0000007e22200000,0x0000007e22300000]
Native frames: (J=compiled Java code, j=interpreted, Vv=VM code, C=native code)
V  [jvm.dll+0x32ea19]
V  [jvm.dll+0x275462]
V  [jvm.dll+0x27610d]
V  [jvm.dll+0x26cb45]
V  [jvm.dll+0x509d]
V  [jvm.dll+0x3c9b4c]
V  [jvm.dll+0x3c5ec7]
V  [jvm.dll+0xfcaff]
V  [jvm.dll+0x209dfb]
V  [jvm.dll+0x238827]
V  [jvm.dll+0x1625b6]
C  [javaw.exe+0x2322]
C  [javaw.exe+0x16544]
C  [KERNEL32.DLL+0x17374]
C  [ntdll.dll+0x4cc91]


---------------  P R O C E S S  ---------------

Java Threads: ( => current thread )

Other Threads:

=>0x0000021db74f6800 (exited) JavaThread "Unknown thread" [_thread_in_vm, id=17996, stack(0x0000007e22200000,0x0000007e22300000)]

VM state:not at safepoint (normal execution)

VM Mutex/Monitor currently owned by a thread: None

heap address: 0x00000000ff000000, size: 16 MB, Compressed Oops mode: 32-bit
Narrow klass base: 0x0000000000000000, Narrow klass shift: 3
Compressed class space size: 1073741824 Address: 0x0000000100000000

Heap:
 PSYoungGen      total 4608K, used 81K [0x00000000ffb00000, 0x0000000100000000, 0x0000000100000000)
  eden space 4096K, 2% used [0x00000000ffb00000,0x00000000ffb147b8,0x00000000fff00000)
  from space 512K, 0% used [0x00000000fff80000,0x00000000fff80000,0x0000000100000000)
  to   space 512K, 0% used [0x00000000fff00000,0x00000000fff00000,0x00000000fff80000)
 ParOldGen       total 11264K, used 0K [0x00000000ff000000, 0x00000000ffb00000, 0x00000000ffb00000)
  object space 11264K, 0% used [0x00000000ff000000,0x00000000ff000000,0x00000000ffb00000)
 Metaspace       used 778K, capacity 4480K, committed 4480K, reserved 1056768K
  class space    used 76K, capacity 384K, committed 384K, reserved 1048576K

Card table byte_map: [0x0000021db7610000,0x0000021db7620000] byte_map_base: 0x0000021db6e18000

Marking Bits: (ParMarkBitMap*) 0x0000000076947fe0
 Begin Bits: [0x0000021dc8550000, 0x0000021dc8590000)
 End Bits:   [0x0000021dc8590000, 0x0000021dc85d0000)

Polling page: 0x0000021db75e0000

CodeCache: size=245760Kb used=327Kb max_used=327Kb free=245432Kb
 bounds [0x0000021db9190000, 0x0000021db9400000, 0x0000021dc8190000]
 total_blobs=57 nmethods=0 adapters=38
 compilation: enabled

Compilation events (0 events):
No events

GC Heap History (0 events):
No events

Deoptimization events (0 events):
No events

Classes redefined (0 events):
No events

Internal exceptions (0 events):
No events

Events (10 events):
Event: 0.538 loading class java/lang/Short
Event: 0.538 loading class java/lang/Short done
Event: 0.538 loading class java/lang/Integer
Event: 0.538 loading class java/lang/Integer done
Event: 0.538 loading class java/lang/Long
Event: 0.538 loading class java/lang/Long done
Event: 0.539 loading class java/lang/NullPointerException
Event: 0.539 loading class java/lang/NullPointerException done
Event: 0.539 loading class java/lang/ArithmeticException
Event: 0.539 loading class java/lang/ArithmeticException done


Dynamic libraries:
0x00007ff7967d0000 - 0x00007ff796817000 	C:\Program Files\Java\jdk1.8.0_291\bin\javaw.exe
0x00007ffc56fd0000 - 0x00007ffc571c8000 	C:\Windows\SYSTEM32\ntdll.dll
0x00007ffc568b0000 - 0x00007ffc56972000 	C:\Windows\System32\KERNEL32.DLL
0x00007ffc547c0000 - 0x00007ffc54abf000 	C:\Windows\System32\KERNELBASE.dll
0x00007ffc53e40000 - 0x00007ffc53fd6000 	C:\Windows\system32\hmpalert.dll
0x00007ffc54fe0000 - 0x00007ffc55091000 	C:\Windows\System32\ADVAPI32.dll
0x00007ffc56740000 - 0x00007ffc567de000 	C:\Windows\System32\msvcrt.dll
0x00007ffc55b80000 - 0x00007ffc55c1f000 	C:\Windows\System32\sechost.dll
0x00007ffc55c40000 - 0x00007ffc55d63000 	C:\Windows\System32\RPCRT4.dll
0x00007ffc54d60000 - 0x00007ffc54d87000 	C:\Windows\System32\bcrypt.dll
0x00007ffc565a0000 - 0x00007ffc5673d000 	C:\Windows\System32\USER32.dll
0x00007ffc54eb0000 - 0x00007ffc54ed2000 	C:\Windows\System32\win32u.dll
0x00007ffc55f50000 - 0x00007ffc55f7b000 	C:\Windows\System32\GDI32.dll
0x00007ffc54d90000 - 0x00007ffc54ea7000 	C:\Windows\System32\gdi32full.dll
0x00007ffc54c00000 - 0x00007ffc54c9d000 	C:\Windows\System32\msvcp_win.dll
0x00007ffc54ee0000 - 0x00007ffc54fe0000 	C:\Windows\System32\ucrtbase.dll
0x00007ffc53b40000 - 0x00007ffc53dda000 	C:\Windows\WinSxS\amd64_microsoft.windows.common-controls_6595b64144ccf1df_6.0.19041.4355_none_60b8b9eb71f62e16\COMCTL32.dll
0x00007ffc55ec0000 - 0x00007ffc55eef000 	C:\Windows\System32\IMM32.DLL
0x00007ffc44470000 - 0x00007ffc44485000 	C:\Program Files\Java\jdk1.8.0_291\jre\bin\vcruntime140.dll
0x00007ffc04c40000 - 0x00007ffc04cdb000 	C:\Program Files\Java\jdk1.8.0_291\jre\bin\msvcp140.dll
0x0000000076160000 - 0x00000000769c0000 	C:\Program Files\Java\jdk1.8.0_291\jre\bin\server\jvm.dll
0x00007ffc550a0000 - 0x00007ffc550a8000 	C:\Windows\System32\PSAPI.DLL
0x00007ffc35380000 - 0x00007ffc35389000 	C:\Windows\SYSTEM32\WSOCK32.dll
0x00007ffc52100000 - 0x00007ffc5210a000 	C:\Windows\SYSTEM32\VERSION.dll
0x00007ffc40c90000 - 0x00007ffc40cb7000 	C:\Windows\SYSTEM32\WINMM.dll
0x00007ffc55f80000 - 0x00007ffc55feb000 	C:\Windows\System32\ws2_32.DLL
0x00007ffc51310000 - 0x00007ffc51322000 	C:\Windows\SYSTEM32\kernel.appcore.dll
0x00007ffc4d830000 - 0x00007ffc4d840000 	C:\Program Files\Java\jdk1.8.0_291\jre\bin\verify.dll
0x00007ffc389b0000 - 0x00007ffc389db000 	C:\Program Files\Java\jdk1.8.0_291\jre\bin\java.dll
0x00007ffc35f00000 - 0x00007ffc35f18000 	C:\Program Files\Java\jdk1.8.0_291\jre\bin\zip.dll
0x00007ffc54060000 - 0x00007ffc54244000 	C:\Windows\SYSTEM32\dbghelp.dll
0x00007ffc54b70000 - 0x00007ffc54bf2000 	C:\Windows\System32\bcryptPrimitives.dll

VM Arguments:
jvm_args: -Xmx16m 
java_command: org.eclipse.jdt.internal.launching.support.LibraryDetector
java_class_path (initial): C:\Users\Laboratorio\AppData\Roaming\Code\User\globalStorage\redhat.java\1.42.0\config_ss_win\org.eclipse.osgi\39\0\.cp\lib\launchingsupport.jar
Launcher Type: SUN_STANDARD

Environment Variables:
PATH=C:\Program Files (x86)\VMware\VMware Player\bin\;C:\Python313\Scripts\;C:\Python313\;C:\Program Files\Common Files\Oracle\Java\javapath;C:\Program Files (x86)\Common Files\Oracle\Java\java8path;C:\Program Files (x86)\Common Files\Oracle\Java\javapath;C:\app\Laboratorio\product\21c\dbhomeXE\bin;C:\Windows\system32;C:\Windows;C:\Windows\System32\Wbem;C:\Windows\System32\WindowsPowerShell\v1.0\;C:\Windows\System32\OpenSSH\;C:\Program Files\Microsoft SQL Server\150\Tools\Binn\;C:\Program Files\Microsoft SQL Server\Client SDK\ODBC\170\Tools\Binn\;C:\Program Files\dotnet\;C:\Program Files (x86)\Microsoft SQL Server\150\DTS\Binn\;C:\ProgramData\chocolatey\bin;C:\Users\Laboratorio\AppData\Roaming\nvm;C:\Program Files\nodejs;C:\Gradle\gradle-8.12\bin;;C:\Program Files (x86)\Microsoft SQL Server\140\Tools\Binn\;C:\Program Files\Microsoft SQL Server\140\Tools\Binn\;C:\Program Files (x86)\Microsoft SQL Server\140\DTS\Binn\;C:\Program Files\Microsoft SQL Server\140\DTS\Binn\;C:\Program Files\Microsoft SQL Server\Client SDK\ODBC\130\Tools\Binn\;C:\Program Files\Docker\Docker\resources\bin;C:\Program Files\MySQL\MySQL Shell 8.0\bin\;C:\Users\Laboratorio\AppData\Local\Programs\Python\Python312\Scripts\;C:\Users\Laboratorio\AppData\Local\Programs\Python\Python312\;C:\Users\Laboratorio\AppData\Local\Microsoft\WindowsApps;C:\Users\Laboratorio\AppData\Local\Programs\Microsoft VS Code\bin;C:\Users\Laboratorio\.dotnet\tools;C:\Users\Laboratorio\AppData\Local\GitHubDesktop\bin;C:\Users\Laboratorio\AppData\Roaming\npm;C:\Users\Laboratorio\AppData\Roaming\nvm;C:\Program Files\nodejs
USERNAME=Laboratorio
OS=Windows_NT
PROCESSOR_IDENTIFIER=AMD64 Family 23 Model 96 Stepping 1, AuthenticAMD



---------------  S Y S T E M  ---------------

OS: Windows 10.0 , 64 bit Build 19041 (10.0.19041.5198)

CPU:total 16 (initial active 16) (16 cores per cpu, 1 threads per core) family 23 model 96 stepping 1, cmov, cx8, fxsr, mmx, sse, sse2, sse3, ssse3, sse4.1, sse4.2, popcnt, avx, avx2, aes, clmul, mmxext, 3dnowpref, lzcnt, sse4a, tsc, tscinvbit, tscinv, bmi1

Memory: 4k page, physical 3536060k(105356k free), swap 14546108k(2408k free)

vm_info: Java HotSpot(TM) 64-Bit Server VM (25.291-b10) for windows-amd64 JRE (1.8.0_291-b10), built on Apr  9 2021 00:02:00 by "java_re" with MS VC++ 15.9 (VS2017)

time: Tue May 20 12:43:48 2025
timezone: Hora est. Sudamérica Pacífico
elapsed time: 0.727412 seconds (0d 0h 0m 0s)

